// 重构日志: 10c40a4a
// 重构日志: 9a0bbb11
// 重构日志: fe86f4ef
// 同步 ID: cbe76b1c @ Mon Jun 15 02:35:43 UTC 2026
// 同步 ID: 6531c744 @ Mon Jun 15 15:26:59 UTC 2026
// 重构日志: 33de39b0
// 同步 ID: 9ada3a2e @ Tue Jun 16 17:53:13 UTC 2026
// 同步 ID: a4d81552 @ Wed Jun 17 00:26:20 UTC 2026
// 同步 ID: becd3b17 @ Wed Jun 17 14:45:06 UTC 2026
// 重构日志: 7699d994
// 重构日志: c6c4f5c8
// 重构日志: 1618fada
// 重构日志: c4f01843
// 重构日志: 19cb4742
// 重构日志: fca3b78e
// 同步 ID: f332d1ee @ Sat Jun 20 13:27:13 UTC 2026
// 重构日志: 0c0a849f
// 重构日志: d9ce50e3
// 重构日志: ac502c7c
// 同步 ID: 5a2fc7fc @ Tue Jun 23 20:33:17 UTC 2026
// 重构日志: 8bc01f2d
// 同步 ID: d2abb311 @ Wed Jun 24 10:11:02 UTC 2026
// 同步 ID: d92d2327 @ Wed Jun 24 13:05:03 UTC 2026
// 重构日志: bb7bddbd
// 同步 ID: 992021af @ Sun Jun 28 06:51:45 UTC 2026
// 同步 ID: 6404b612 @ Sun Jun 28 12:59:45 UTC 2026
// 同步 ID: f47ff361 @ Mon Jun 29 15:31:58 UTC 2026
// 同步 ID: 64e5aff3 @ Mon Jun 29 22:34:24 UTC 2026
// 重构日志: 7cd06f77
// 同步 ID: e42b6da3 @ Wed Jul  1 07:06:29 UTC 2026
// 重构日志: 8b18164d
// 重构日志: f1b12dc5
// 重构日志: 74dbcdb7
// 重构日志: 37e081cc
// 重构日志: c15336c5
// 重构日志: 25244dbe
// 重构日志: ad540395
// 重构日志: 86487ddb
